<?xml version="1.0" encoding="UTF-8"?>
<!-- Generated by org.testng.reporters.JUnitReportReporter -->
<testsuite hostname="DESKTOP-FKHI83U" failures="0" tests="2" name="test.NewTest" time="0.046" errors="0" timestamp="2024-02-21T14:46:26 IST" skipped="0">
  <testcase classname="test.NewTest" name="f1" time="0.016"/>
  <system-out/>
  <testcase classname="test.NewTest" name="f" time="0.030"/>
  <system-out/>
</testsuite> <!-- test.NewTest -->
