<?xml version="1.0" encoding="UTF-8"?>
<!-- Generated by org.testng.reporters.JUnitReportReporter -->
<testsuite hostname="DESKTOP-FKHI83U" failures="0" tests="2" name="test.day3" time="0.032" errors="0" timestamp="2024-02-21T14:46:26 IST" skipped="0">
  <testcase classname="test.day3" name="APILoginCarLoan" time="0.027"/>
  <system-out/>
  <testcase classname="test.day3" name="WebLoginCarLoan" time="0.005"/>
  <system-out/>
</testsuite> <!-- test.day3 -->
