<?xml version="1.0" encoding="UTF-8"?>
<!-- Generated by org.testng.reporters.JUnitReportReporter -->
<testsuite hostname="DESKTOP-FKHI83U" failures="0" tests="1" name="test.NewTest2" time="0.008" errors="0" timestamp="2024-02-21T14:46:26 IST" skipped="0">
  <testcase classname="test.NewTest2" name="f" time="0.008"/>
  <system-out/>
</testsuite> <!-- test.NewTest2 -->
